app/build/outputs/logs/manifest-merger-debug-report.txt
-- Merging decision tree log ---
manifest
ADDED from src/main/AndroidManifest.xml:2:1-69:12
INJECTED from src/main/AndroidManifest.xml:2:1-69:12
INJECTED from src/main/AndroidManifest.xml:2:1-69:12
INJECTED from src/main/AndroidManifest.xml:2:1-69:12
MERGED from [com.google.firebase:firebase-auth:11.8.0] AndroidManifest.xml:17:1-32:12
MERGED from [com.google.firebase:firebase-database:11.8.0] AndroidManifest.xml:2:1-8:12
MERGED from [com.google.firebase:firebase-storage:11.8.0] AndroidManifest.xml:2:1-8:12
MERGED from [com.google.firebase:firebase-crash:11.8.0] AndroidManifest.xml:17:1-27:12
MERGED from [com.google.android.gms:play-services-ads:11.8.0] AndroidManifest.xml:17:1-25:12
MERGED from [de.hdodenhof:circleimageview:2.2.0] AndroidManifest.xml:2:1-11:12
MERGED from [com.google.android.gms:play-services-maps:11.8.0] AndroidManifest.xml:17:1-32:12
MERGED from [com.google.android.gms:play-services-location:11.8.0] AndroidManifest.xml:2:1-9:12
MERGED from [com.github.GoodieBag:Pinview:v1.3] AndroidManifest.xml:2:1-17:12
MERGED from [com.theartofdev.edmodo:android-image-cropper:2.6.0] AndroidManifest.xml:2:1-12:12
MERGED from [com.android.support:design:27.1.0] AndroidManifest.xml:17:1-22:12
MERGED from [com.android.support:appcompat-v7:27.1.1] AndroidManifest.xml:17:1-22:12
MERGED from [com.android.support:cardview-v7:26.0.0-alpha1] AndroidManifest.xml:17:1-28:12
MERGED from [com.android.support:recyclerview-v7:27.1.0] AndroidManifest.xml:17:1-22:12
MERGED from [com.github.markushi:circlebutton:1.1] AndroidManifest.xml:2:1-11:12
MERGED from [com.android.support.constraint:constraint-layout:1.0.2] AndroidManifest.xml:2:1-11:12
MERGED from [com.jjoe64:graphview:4.2.2] AndroidManifest.xml:2:1-14:12
MERGED from [com.google.firebase:firebase-core:11.8.0] AndroidManifest.xml:2:1-6:12
MERGED from [com.google.android.gms:play-services-base:11.8.0] AndroidManifest.xml:17:1-29:12
MERGED from [com.google.firebase:firebase-database-connection:11.8.0] AndroidManifest.xml:2:1-8:12
MERGED from [com.google.firebase:firebase-analytics:11.8.0] AndroidManifest.xml:17:1-54:12
MERGED from [com.google.firebase:firebase-analytics-impl:11.8.0] AndroidManifest.xml:17:1-40:12
MERGED from [com.google.firebase:firebase-iid:11.8.0] AndroidManifest.xml:17:1-59:12
MERGED from [com.google.firebase:firebase-common:11.8.0] AndroidManifest.xml:2:1-15:12
MERGED from [com.google.android.gms:play-services-tasks:11.8.0] AndroidManifest.xml:2:1-9:12
MERGED from [com.google.firebase:firebase-storage-common:11.8.0] AndroidManifest.xml:2:1-8:12
MERGED from [com.google.android.gms:play-services-ads-lite:11.8.0] AndroidManifest.xml:17:1-36:12
MERGED from [com.google.android.gms:play-services-gass:11.8.0] AndroidManifest.xml:2:1-9:12
MERGED from [com.google.android.gms:play-services-basement:11.8.0] AndroidManifest.xml:17:1-28:12
MERGED from [com.google.firebase:firebase-auth-license:11.8.0] AndroidManifest.xml:2:1-6:12
MERGED from [com.google.firebase:firebase-database-license:11.8.0] AndroidManifest.xml:2:1-6:12
MERGED from [com.google.firebase:firebase-storage-license:11.8.0] AndroidManifest.xml:2:1-6:12
MERGED from [com.google.firebase:firebase-crash-license:11.8.0] AndroidManifest.xml:2:1-6:12
MERGED from [com.google.android.gms:play-services-ads-license:11.8.0] AndroidManifest.xml:2:1-6:12
MERGED from [com.google.android.gms:play-services-maps-license:11.8.0] AndroidManifest.xml:2:1-6:12
MERGED from [com.google.android.gms:play-services-location-license:11.8.0] AndroidManifest.xml:2:1-6:12
MERGED from [com.android.support:exifinterface:27.1.1] AndroidManifest.xml:17:1-22:12
MERGED from [com.android.support:transition:27.1.0] AndroidManifest.xml:17:1-22:12
MERGED from [com.android.support:support-v4:27.1.1] AndroidManifest.xml:17:1-22:12
MERGED from [com.android.support:support-fragment:27.1.1] AndroidManifest.xml:17:1-22:12
MERGED from [com.android.support:animated-vector-drawable:27.1.1] AndroidManifest.xml:17:1-22:12
MERGED from [com.android.support:support-core-ui:27.1.1] AndroidManifest.xml:17:1-22:12
MERGED from [com.android.support:support-core-utils:27.1.1] AndroidManifest.xml:17:1-22:12
MERGED from [com.android.support:support-vector-drawable:27.1.1] AndroidManifest.xml:17:1-22:12
MERGED from [com.android.support:support-media-compat:27.1.1] AndroidManifest.xml:17:1-22:12
MERGED from [com.android.support:support-compat:27.1.1] AndroidManifest.xml:17:1-22:12
MERGED from [com.google.android.gms:play-services-base-license:11.8.0] AndroidManifest.xml:2:1-6:12
MERGED from [com.google.android.gms:play-services-basement-license:11.8.0] AndroidManifest.xml:2:1-6:12
MERGED from [com.google.firebase:firebase-common-license:11.8.0] AndroidManifest.xml:2:1-6:12
MERGED from [com.google.android.gms:play-services-tasks-license:11.8.0] AndroidManifest.xml:2:1-6:12
MERGED from [com.google.firebase:firebase-database-connection-license:11.8.0] AndroidManifest.xml:2:1-6:12
MERGED from [com.google.firebase:firebase-storage-common-license:11.8.0] AndroidManifest.xml:2:1-6:12
MERGED from [com.google.firebase:firebase-iid-license:11.8.0] AndroidManifest.xml:2:1-6:12
MERGED from [com.google.firebase:firebase-analytics-license:11.8.0] AndroidManifest.xml:2:1-6:12
MERGED from [com.google.android.gms:play-services-ads-lite-license:11.8.0] AndroidManifest.xml:2:1-6:12
MERGED from [com.google.android.gms:play-services-gass-license:11.8.0] AndroidManifest.xml:2:1-6:12
MERGED from [com.google.firebase:firebase-analytics-impl-license:11.8.0] AndroidManifest.xml:2:1-6:12
MERGED from [android.arch.lifecycle:livedata-core:1.1.0] AndroidManifest.xml:17:1-22:12
MERGED from [android.arch.lifecycle:viewmodel:1.1.0] AndroidManifest.xml:17:1-22:12
MERGED from [android.arch.lifecycle:runtime:1.1.0] AndroidManifest.xml:17:1-22:12
MERGED from [android.arch.core:runtime:1.1.0] AndroidManifest.xml:17:1-22:12
INJECTED from src/main/AndroidManifest.xml:2:1-69:12
INJECTED from src/main/AndroidManifest.xml:2:1-69:12
INJECTED from src/main/AndroidManifest.xml:2:1-69:12
	package
		ADDED from src/main/AndroidManifest.xml:3:5-59
		INJECTED from src/main/AndroidManifest.xml
		INJECTED from src/main/AndroidManifest.xml
	android:versionName
		INJECTED from src/main/AndroidManifest.xml
		ADDED from src/main/AndroidManifest.xml:2:1-69:12
		INJECTED from src/main/AndroidManifest.xml
	android:versionCode
		INJECTED from src/main/AndroidManifest.xml
		ADDED from src/main/AndroidManifest.xml:2:1-69:12
		INJECTED from src/main/AndroidManifest.xml
	xmlns:android
		ADDED from src/main/AndroidManifest.xml:2:11-69
uses-permission#android.permission.ACCESS_FINE_LOCATION
ADDED from src/main/AndroidManifest.xml:10:5-79
	android:name
		ADDED from src/main/AndroidManifest.xml:10:22-76
uses-permission#android.permission.INTERNET
ADDED from src/main/AndroidManifest.xml:11:5-67
MERGED from [com.google.firebase:firebase-crash:11.8.0] AndroidManifest.xml:22:5-67
MERGED from [com.google.firebase:firebase-crash:11.8.0] AndroidManifest.xml:22:5-67
MERGED from [com.google.android.gms:play-services-maps:11.8.0] AndroidManifest.xml:24:5-67
MERGED from [com.google.android.gms:play-services-maps:11.8.0] AndroidManifest.xml:24:5-67
MERGED from [com.google.firebase:firebase-analytics:11.8.0] AndroidManifest.xml:23:5-67
MERGED from [com.google.firebase:firebase-analytics:11.8.0] AndroidManifest.xml:23:5-67
MERGED from [com.google.firebase:firebase-analytics-impl:11.8.0] AndroidManifest.xml:23:5-67
MERGED from [com.google.firebase:firebase-analytics-impl:11.8.0] AndroidManifest.xml:23:5-67
MERGED from [com.google.firebase:firebase-iid:11.8.0] AndroidManifest.xml:23:5-67
MERGED from [com.google.firebase:firebase-iid:11.8.0] AndroidManifest.xml:23:5-67
MERGED from [com.google.android.gms:play-services-ads-lite:11.8.0] AndroidManifest.xml:23:5-67
MERGED from [com.google.android.gms:play-services-ads-lite:11.8.0] AndroidManifest.xml:23:5-67
	android:name
		ADDED from src/main/AndroidManifest.xml:11:22-64
uses-permission#android.permission.ACCESS_NETWORK_STATE
ADDED from src/main/AndroidManifest.xml:12:5-79
MERGED from [com.google.android.gms:play-services-maps:11.8.0] AndroidManifest.xml:23:5-79
MERGED from [com.google.android.gms:play-services-maps:11.8.0] AndroidManifest.xml:23:5-79
MERGED from [com.google.firebase:firebase-analytics:11.8.0] AndroidManifest.xml:24:5-79
MERGED from [com.google.firebase:firebase-analytics:11.8.0] AndroidManifest.xml:24:5-79
MERGED from [com.google.firebase:firebase-analytics-impl:11.8.0] AndroidManifest.xml:24:5-79
MERGED from [com.google.firebase:firebase-analytics-impl:11.8.0] AndroidManifest.xml:24:5-79
MERGED from [com.google.firebase:firebase-iid:11.8.0] AndroidManifest.xml:22:5-79
MERGED from [com.google.firebase:firebase-iid:11.8.0] AndroidManifest.xml:22:5-79
MERGED from [com.google.android.gms:play-services-ads-lite:11.8.0] AndroidManifest.xml:24:5-79
MERGED from [com.google.android.gms:play-services-ads-lite:11.8.0] AndroidManifest.xml:24:5-79
	android:name
		ADDED from src/main/AndroidManifest.xml:12:22-76
uses-permission#android.permission.READ_EXTERNAL_STORAGE
ADDED from src/main/AndroidManifest.xml:13:5-80
	android:name
		ADDED from src/main/AndroidManifest.xml:13:22-77
uses-permission#android.permission.WRITE_EXTERNAL_STORAGE
ADDED from src/main/AndroidManifest.xml:14:5-81
	android:name
		ADDED from src/main/AndroidManifest.xml:14:22-78
application
ADDED from src/main/AndroidManifest.xml:16:5-67:19
MERGED from [com.google.firebase:firebase-auth:11.8.0] AndroidManifest.xml:22:5-30:19
MERGED from [com.google.firebase:firebase-auth:11.8.0] AndroidManifest.xml:22:5-30:19
MERGED from [com.google.firebase:firebase-crash:11.8.0] AndroidManifest.xml:24:5-25:19
MERGED from [com.google.firebase:firebase-crash:11.8.0] AndroidManifest.xml:24:5-25:19
MERGED from [de.hdodenhof:circleimageview:2.2.0] AndroidManifest.xml:9:5-20
MERGED from [de.hdodenhof:circleimageview:2.2.0] AndroidManifest.xml:9:5-20
MERGED from [com.google.android.gms:play-services-maps:11.8.0] AndroidManifest.xml:30:5-20
MERGED from [com.google.android.gms:play-services-maps:11.8.0] AndroidManifest.xml:30:5-20
MERGED from [com.google.android.gms:play-services-location:11.8.0] AndroidManifest.xml:7:5-20
MERGED from [com.google.android.gms:play-services-location:11.8.0] AndroidManifest.xml:7:5-20
MERGED from [com.github.GoodieBag:Pinview:v1.3] AndroidManifest.xml:11:5-15:19
MERGED from [com.github.GoodieBag:Pinview:v1.3] AndroidManifest.xml:11:5-15:19
MERGED from [com.android.support:cardview-v7:26.0.0-alpha1] AndroidManifest.xml:26:5-20
MERGED from [com.android.support:cardview-v7:26.0.0-alpha1] AndroidManifest.xml:26:5-20
MERGED from [com.github.markushi:circlebutton:1.1] AndroidManifest.xml:9:5-20
MERGED from [com.github.markushi:circlebutton:1.1] AndroidManifest.xml:9:5-20
MERGED from [com.android.support.constraint:constraint-layout:1.0.2] AndroidManifest.xml:9:5-20
MERGED from [com.android.support.constraint:constraint-layout:1.0.2] AndroidManifest.xml:9:5-20
MERGED from [com.jjoe64:graphview:4.2.2] AndroidManifest.xml:11:5-12:19
MERGED from [com.jjoe64:graphview:4.2.2] AndroidManifest.xml:11:5-12:19
MERGED from [com.google.firebase:firebase-core:11.8.0] AndroidManifest.xml:5:5-20
MERGED from [com.google.firebase:firebase-core:11.8.0] AndroidManifest.xml:5:5-20
MERGED from [com.google.android.gms:play-services-base:11.8.0] AndroidManifest.xml:22:5-27:19
MERGED from [com.google.android.gms:play-services-base:11.8.0] AndroidManifest.xml:22:5-27:19
MERGED from [com.google.firebase:firebase-analytics:11.8.0] AndroidManifest.xml:27:5-52:19
MERGED from [com.google.firebase:firebase-analytics:11.8.0] AndroidManifest.xml:27:5-52:19
MERGED from [com.google.firebase:firebase-analytics-impl:11.8.0] AndroidManifest.xml:27:5-38:19
MERGED from [com.google.firebase:firebase-analytics-impl:11.8.0] AndroidManifest.xml:27:5-38:19
MERGED from [com.google.firebase:firebase-iid:11.8.0] AndroidManifest.xml:34:5-57:19
MERGED from [com.google.firebase:firebase-iid:11.8.0] AndroidManifest.xml:34:5-57:19
MERGED from [com.google.firebase:firebase-common:11.8.0] AndroidManifest.xml:7:5-13:19
MERGED from [com.google.firebase:firebase-common:11.8.0] AndroidManifest.xml:7:5-13:19
MERGED from [com.google.android.gms:play-services-tasks:11.8.0] AndroidManifest.xml:7:5-20
MERGED from [com.google.android.gms:play-services-tasks:11.8.0] AndroidManifest.xml:7:5-20
MERGED from [com.google.android.gms:play-services-ads-lite:11.8.0] AndroidManifest.xml:26:5-34:19
MERGED from [com.google.android.gms:play-services-ads-lite:11.8.0] AndroidManifest.xml:26:5-34:19
MERGED from [com.google.android.gms:play-services-gass:11.8.0] AndroidManifest.xml:7:5-20
MERGED from [com.google.android.gms:play-services-gass:11.8.0] AndroidManifest.xml:7:5-20
MERGED from [com.google.android.gms:play-services-basement:11.8.0] AndroidManifest.xml:22:5-26:19
MERGED from [com.google.android.gms:play-services-basement:11.8.0] AndroidManifest.xml:22:5-26:19
MERGED from [com.google.firebase:firebase-auth-license:11.8.0] AndroidManifest.xml:5:5-20
MERGED from [com.google.firebase:firebase-auth-license:11.8.0] AndroidManifest.xml:5:5-20
MERGED from [com.google.firebase:firebase-database-license:11.8.0] AndroidManifest.xml:5:5-20
MERGED from [com.google.firebase:firebase-database-license:11.8.0] AndroidManifest.xml:5:5-20
MERGED from [com.google.firebase:firebase-storage-license:11.8.0] AndroidManifest.xml:5:5-20
MERGED from [com.google.firebase:firebase-storage-license:11.8.0] AndroidManifest.xml:5:5-20
MERGED from [com.google.firebase:firebase-crash-license:11.8.0] AndroidManifest.xml:5:5-20
MERGED from [com.google.firebase:firebase-crash-license:11.8.0] AndroidManifest.xml:5:5-20
MERGED from [com.google.android.gms:play-services-ads-license:11.8.0] AndroidManifest.xml:5:5-20
MERGED from [com.google.android.gms:play-services-ads-license:11.8.0] AndroidManifest.xml:5:5-20
MERGED from [com.google.android.gms:play-services-maps-license:11.8.0] AndroidManifest.xml:5:5-20
MERGED from [com.google.android.gms:play-services-maps-license:11.8.0] AndroidManifest.xml:5:5-20
MERGED from [com.google.android.gms:play-services-location-license:11.8.0] AndroidManifest.xml:5:5-20
MERGED from [com.google.android.gms:play-services-location-license:11.8.0] AndroidManifest.xml:5:5-20
MERGED from [com.google.android.gms:play-services-base-license:11.8.0] AndroidManifest.xml:5:5-20
MERGED from [com.google.android.gms:play-services-base-license:11.8.0] AndroidManifest.xml:5:5-20
MERGED from [com.google.android.gms:play-services-basement-license:11.8.0] AndroidManifest.xml:5:5-20
MERGED from [com.google.android.gms:play-services-basement-license:11.8.0] AndroidManifest.xml:5:5-20
MERGED from [com.google.firebase:firebase-common-license:11.8.0] AndroidManifest.xml:5:5-20
MERGED from [com.google.firebase:firebase-common-license:11.8.0] AndroidManifest.xml:5:5-20
MERGED from [com.google.android.gms:play-services-tasks-license:11.8.0] AndroidManifest.xml:5:5-20
MERGED from [com.google.android.gms:play-services-tasks-license:11.8.0] AndroidManifest.xml:5:5-20
MERGED from [com.google.firebase:firebase-database-connection-license:11.8.0] AndroidManifest.xml:5:5-20
MERGED from [com.google.firebase:firebase-database-connection-license:11.8.0] AndroidManifest.xml:5:5-20
MERGED from [com.google.firebase:firebase-storage-common-license:11.8.0] AndroidManifest.xml:5:5-20
MERGED from [com.google.firebase:firebase-storage-common-license:11.8.0] AndroidManifest.xml:5:5-20
MERGED from [com.google.firebase:firebase-iid-license:11.8.0] AndroidManifest.xml:5:5-20
MERGED from [com.google.firebase:firebase-iid-license:11.8.0] AndroidManifest.xml:5:5-20
MERGED from [com.google.firebase:firebase-analytics-license:11.8.0] AndroidManifest.xml:5:5-20
MERGED from [com.google.firebase:firebase-analytics-license:11.8.0] AndroidManifest.xml:5:5-20
MERGED from [com.google.android.gms:play-services-ads-lite-license:11.8.0] AndroidManifest.xml:5:5-20
MERGED from [com.google.android.gms:play-services-ads-lite-license:11.8.0] AndroidManifest.xml:5:5-20
MERGED from [com.google.android.gms:play-services-gass-license:11.8.0] AndroidManifest.xml:5:5-20
MERGED from [com.google.android.gms:play-services-gass-license:11.8.0] AndroidManifest.xml:5:5-20
MERGED from [com.google.firebase:firebase-analytics-impl-license:11.8.0] AndroidManifest.xml:5:5-20
MERGED from [com.google.firebase:firebase-analytics-impl-license:11.8.0] AndroidManifest.xml:5:5-20
	android:supportsRtl
		ADDED from src/main/AndroidManifest.xml:20:9-35
	android:label
		ADDED from src/main/AndroidManifest.xml:19:9-41
	android:icon
		ADDED from src/main/AndroidManifest.xml:18:9-43
	android:allowBackup
		ADDED from src/main/AndroidManifest.xml:17:9-35
	android:theme
		ADDED from src/main/AndroidManifest.xml:21:9-40
meta-data#com.google.android.geo.API_KEY
ADDED from src/main/AndroidManifest.xml:22:9-24:55
	android:value
		ADDED from src/main/AndroidManifest.xml:24:13-52
	android:name
		ADDED from src/main/AndroidManifest.xml:23:13-58
activity#com.example.amiramaulina.gpstrackerapptrial1.MainActivity
ADDED from src/main/AndroidManifest.xml:26:9-32:20
	android:name
		ADDED from src/main/AndroidManifest.xml:26:19-47
intent-filter#action:name:android.intent.action.MAIN+category:name:android.intent.category.LAUNCHER
ADDED from src/main/AndroidManifest.xml:27:13-31:29
action#android.intent.action.MAIN
ADDED from src/main/AndroidManifest.xml:28:17-69
	android:name
		ADDED from src/main/AndroidManifest.xml:28:25-66
category#android.intent.category.LAUNCHER
ADDED from src/main/AndroidManifest.xml:30:17-77
	android:name
		ADDED from src/main/AndroidManifest.xml:30:27-74
activity#com.example.amiramaulina.gpstrackerapptrial1.RegisterEmailActivity
ADDED from src/main/AndroidManifest.xml:33:9-68
	android:name
		ADDED from src/main/AndroidManifest.xml:33:19-56
activity#com.example.amiramaulina.gpstrackerapptrial1.RegisterPasswordActivity
ADDED from src/main/AndroidManifest.xml:34:9-62
	android:name
		ADDED from src/main/AndroidManifest.xml:34:19-59
activity#com.example.amiramaulina.gpstrackerapptrial1.RegisterNameActivity
ADDED from src/main/AndroidManifest.xml:35:9-58
	android:name
		ADDED from src/main/AndroidManifest.xml:35:19-55
activity#com.example.amiramaulina.gpstrackerapptrial1.MenuAwal
ADDED from src/main/AndroidManifest.xml:36:9-46
	android:name
		ADDED from src/main/AndroidManifest.xml:36:19-43
activity#com.example.amiramaulina.gpstrackerapptrial1.InviteCodeActivity
ADDED from src/main/AndroidManifest.xml:46:9-56
	android:name
		ADDED from src/main/AndroidManifest.xml:46:19-53
activity#com.example.amiramaulina.gpstrackerapptrial1.LoginEmailActivity
ADDED from src/main/AndroidManifest.xml:47:9-56
	android:name
		ADDED from src/main/AndroidManifest.xml:47:19-53
activity#com.example.amiramaulina.gpstrackerapptrial1.LoginPasswordActivity
ADDED from src/main/AndroidManifest.xml:48:9-59
	android:name
		ADDED from src/main/AndroidManifest.xml:48:19-56
activity#com.example.amiramaulina.gpstrackerapptrial1.JoinCircleActivity
ADDED from src/main/AndroidManifest.xml:49:9-56
	android:name
		ADDED from src/main/AndroidManifest.xml:49:19-53
activity#com.example.amiramaulina.gpstrackerapptrial1.MyCircleActivity
ADDED from src/main/AndroidManifest.xml:50:9-54
	android:name
		ADDED from src/main/AndroidManifest.xml:50:19-51
activity#com.example.amiramaulina.gpstrackerapptrial1.LiveMapActivity
ADDED from src/main/AndroidManifest.xml:51:9-53
	android:name
		ADDED from src/main/AndroidManifest.xml:51:19-50
activity#com.example.amiramaulina.gpstrackerapptrial1.MenuActivityUser
ADDED from src/main/AndroidManifest.xml:52:9-54
	android:name
		ADDED from src/main/AndroidManifest.xml:52:19-51
activity#com.example.amiramaulina.gpstrackerapptrial1.FallHistory
ADDED from src/main/AndroidManifest.xml:53:9-49
	android:name
		ADDED from src/main/AndroidManifest.xml:53:19-46
activity#com.example.amiramaulina.gpstrackerapptrial1.HRStatistics
ADDED from src/main/AndroidManifest.xml:54:9-50
	android:name
		ADDED from src/main/AndroidManifest.xml:54:19-47
activity#com.example.amiramaulina.gpstrackerapptrial1.HRStateHistory
ADDED from src/main/AndroidManifest.xml:55:9-52
	android:name
		ADDED from src/main/AndroidManifest.xml:55:19-49
meta-data#com.google.android.gms.version
ADDED from src/main/AndroidManifest.xml:59:9-61:69
MERGED from [com.google.android.gms:play-services-basement:11.8.0] AndroidManifest.xml:23:9-25:69
MERGED from [com.google.android.gms:play-services-basement:11.8.0] AndroidManifest.xml:23:9-25:69
	android:value
		ADDED from src/main/AndroidManifest.xml:61:13-66
	android:name
		ADDED from src/main/AndroidManifest.xml:60:13-58
activity#com.example.amiramaulina.gpstrackerapptrial1.MyNavigationTutorial
ADDED from src/main/AndroidManifest.xml:63:9-66:47
	android:label
		ADDED from src/main/AndroidManifest.xml:65:13-46
	android:theme
		ADDED from src/main/AndroidManifest.xml:66:13-44
	android:name
		ADDED from src/main/AndroidManifest.xml:64:13-49
uses-sdk
INJECTED from src/main/AndroidManifest.xml reason: use-sdk injection requested
INJECTED from src/main/AndroidManifest.xml
INJECTED from src/main/AndroidManifest.xml
MERGED from [com.google.firebase:firebase-auth:11.8.0] AndroidManifest.xml:20:5-44
MERGED from [com.google.firebase:firebase-auth:11.8.0] AndroidManifest.xml:20:5-44
MERGED from [com.google.firebase:firebase-database:11.8.0] AndroidManifest.xml:6:5-44
MERGED from [com.google.firebase:firebase-database:11.8.0] AndroidManifest.xml:6:5-44
MERGED from [com.google.firebase:firebase-storage:11.8.0] AndroidManifest.xml:6:5-44
MERGED from [com.google.firebase:firebase-storage:11.8.0] AndroidManifest.xml:6:5-44
MERGED from [com.google.firebase:firebase-crash:11.8.0] AndroidManifest.xml:20:5-44
MERGED from [com.google.firebase:firebase-crash:11.8.0] AndroidManifest.xml:20:5-44
MERGED from [com.google.android.gms:play-services-ads:11.8.0] AndroidManifest.xml:21:5-23:62
MERGED from [com.google.android.gms:play-services-ads:11.8.0] AndroidManifest.xml:21:5-23:62
MERGED from [de.hdodenhof:circleimageview:2.2.0] AndroidManifest.xml:5:5-7:41
MERGED from [de.hdodenhof:circleimageview:2.2.0] AndroidManifest.xml:5:5-7:41
MERGED from [com.google.android.gms:play-services-maps:11.8.0] AndroidManifest.xml:20:5-44
MERGED from [com.google.android.gms:play-services-maps:11.8.0] AndroidManifest.xml:20:5-44
MERGED from [com.google.android.gms:play-services-location:11.8.0] AndroidManifest.xml:5:5-44
MERGED from [com.google.android.gms:play-services-location:11.8.0] AndroidManifest.xml:5:5-44
MERGED from [com.github.GoodieBag:Pinview:v1.3] AndroidManifest.xml:7:5-9:41
MERGED from [com.github.GoodieBag:Pinview:v1.3] AndroidManifest.xml:7:5-9:41
MERGED from [com.theartofdev.edmodo:android-image-cropper:2.6.0] AndroidManifest.xml:8:5-10:41
MERGED from [com.theartofdev.edmodo:android-image-cropper:2.6.0] AndroidManifest.xml:8:5-10:41
MERGED from [com.android.support:design:27.1.0] AndroidManifest.xml:20:5-44
MERGED from [com.android.support:design:27.1.0] AndroidManifest.xml:20:5-44
MERGED from [com.android.support:appcompat-v7:27.1.1] AndroidManifest.xml:20:5-44
MERGED from [com.android.support:appcompat-v7:27.1.1] AndroidManifest.xml:20:5-44
MERGED from [com.android.support:cardview-v7:26.0.0-alpha1] AndroidManifest.xml:20:5-44
MERGED from [com.android.support:cardview-v7:26.0.0-alpha1] AndroidManifest.xml:20:5-44
MERGED from [com.android.support:recyclerview-v7:27.1.0] AndroidManifest.xml:20:5-44
MERGED from [com.android.support:recyclerview-v7:27.1.0] AndroidManifest.xml:20:5-44
MERGED from [com.github.markushi:circlebutton:1.1] AndroidManifest.xml:7:5-44
MERGED from [com.github.markushi:circlebutton:1.1] AndroidManifest.xml:7:5-44
MERGED from [com.android.support.constraint:constraint-layout:1.0.2] AndroidManifest.xml:5:5-7:41
MERGED from [com.android.support.constraint:constraint-layout:1.0.2] AndroidManifest.xml:5:5-7:41
MERGED from [com.jjoe64:graphview:4.2.2] AndroidManifest.xml:7:5-9:41
MERGED from [com.jjoe64:graphview:4.2.2] AndroidManifest.xml:7:5-9:41
MERGED from [com.google.firebase:firebase-core:11.8.0] AndroidManifest.xml:4:5-43
MERGED from [com.google.firebase:firebase-core:11.8.0] AndroidManifest.xml:4:5-43
MERGED from [com.google.android.gms:play-services-base:11.8.0] AndroidManifest.xml:20:5-44
MERGED from [com.google.android.gms:play-services-base:11.8.0] AndroidManifest.xml:20:5-44
MERGED from [com.google.firebase:firebase-database-connection:11.8.0] AndroidManifest.xml:6:5-44
MERGED from [com.google.firebase:firebase-database-connection:11.8.0] AndroidManifest.xml:6:5-44
MERGED from [com.google.firebase:firebase-analytics:11.8.0] AndroidManifest.xml:20:5-44
MERGED from [com.google.firebase:firebase-analytics:11.8.0] AndroidManifest.xml:20:5-44
MERGED from [com.google.firebase:firebase-analytics-impl:11.8.0] AndroidManifest.xml:20:5-44
MERGED from [com.google.firebase:firebase-analytics-impl:11.8.0] AndroidManifest.xml:20:5-44
MERGED from [com.google.firebase:firebase-iid:11.8.0] AndroidManifest.xml:20:5-44
MERGED from [com.google.firebase:firebase-iid:11.8.0] AndroidManifest.xml:20:5-44
MERGED from [com.google.firebase:firebase-common:11.8.0] AndroidManifest.xml:5:5-44
MERGED from [com.google.firebase:firebase-common:11.8.0] AndroidManifest.xml:5:5-44
MERGED from [com.google.android.gms:play-services-tasks:11.8.0] AndroidManifest.xml:5:5-44
MERGED from [com.google.android.gms:play-services-tasks:11.8.0] AndroidManifest.xml:5:5-44
MERGED from [com.google.firebase:firebase-storage-common:11.8.0] AndroidManifest.xml:6:5-44
MERGED from [com.google.firebase:firebase-storage-common:11.8.0] AndroidManifest.xml:6:5-44
MERGED from [com.google.android.gms:play-services-ads-lite:11.8.0] AndroidManifest.xml:20:5-44
MERGED from [com.google.android.gms:play-services-ads-lite:11.8.0] AndroidManifest.xml:20:5-44
MERGED from [com.google.android.gms:play-services-gass:11.8.0] AndroidManifest.xml:5:5-44
MERGED from [com.google.android.gms:play-services-gass:11.8.0] AndroidManifest.xml:5:5-44
MERGED from [com.google.android.gms:play-services-basement:11.8.0] AndroidManifest.xml:20:5-44
MERGED from [com.google.android.gms:play-services-basement:11.8.0] AndroidManifest.xml:20:5-44
MERGED from [com.google.firebase:firebase-auth-license:11.8.0] AndroidManifest.xml:4:5-43
MERGED from [com.google.firebase:firebase-auth-license:11.8.0] AndroidManifest.xml:4:5-43
MERGED from [com.google.firebase:firebase-database-license:11.8.0] AndroidManifest.xml:4:5-43
MERGED from [com.google.firebase:firebase-database-license:11.8.0] AndroidManifest.xml:4:5-43
MERGED from [com.google.firebase:firebase-storage-license:11.8.0] AndroidManifest.xml:4:5-43
MERGED from [com.google.firebase:firebase-storage-license:11.8.0] AndroidManifest.xml:4:5-43
MERGED from [com.google.firebase:firebase-crash-license:11.8.0] AndroidManifest.xml:4:5-43
MERGED from [com.google.firebase:firebase-crash-license:11.8.0] AndroidManifest.xml:4:5-43
MERGED from [com.google.android.gms:play-services-ads-license:11.8.0] AndroidManifest.xml:4:5-43
MERGED from [com.google.android.gms:play-services-ads-license:11.8.0] AndroidManifest.xml:4:5-43
MERGED from [com.google.android.gms:play-services-maps-license:11.8.0] AndroidManifest.xml:4:5-43
MERGED from [com.google.android.gms:play-services-maps-license:11.8.0] AndroidManifest.xml:4:5-43
MERGED from [com.google.android.gms:play-services-location-license:11.8.0] AndroidManifest.xml:4:5-43
MERGED from [com.google.android.gms:play-services-location-license:11.8.0] AndroidManifest.xml:4:5-43
MERGED from [com.android.support:exifinterface:27.1.1] AndroidManifest.xml:20:5-44
MERGED from [com.android.support:exifinterface:27.1.1] AndroidManifest.xml:20:5-44
MERGED from [com.android.support:transition:27.1.0] AndroidManifest.xml:20:5-44
MERGED from [com.android.support:transition:27.1.0] AndroidManifest.xml:20:5-44
MERGED from [com.android.support:support-v4:27.1.1] AndroidManifest.xml:20:5-44
MERGED from [com.android.support:support-v4:27.1.1] AndroidManifest.xml:20:5-44
MERGED from [com.android.support:support-fragment:27.1.1] AndroidManifest.xml:20:5-44
MERGED from [com.android.support:support-fragment:27.1.1] AndroidManifest.xml:20:5-44
MERGED from [com.android.support:animated-vector-drawable:27.1.1] AndroidManifest.xml:20:5-44
MERGED from [com.android.support:animated-vector-drawable:27.1.1] AndroidManifest.xml:20:5-44
MERGED from [com.android.support:support-core-ui:27.1.1] AndroidManifest.xml:20:5-44
MERGED from [com.android.support:support-core-ui:27.1.1] AndroidManifest.xml:20:5-44
MERGED from [com.android.support:support-core-utils:27.1.1] AndroidManifest.xml:20:5-44
MERGED from [com.android.support:support-core-utils:27.1.1] AndroidManifest.xml:20:5-44
MERGED from [com.android.support:support-vector-drawable:27.1.1] AndroidManifest.xml:20:5-44
MERGED from [com.android.support:support-vector-drawable:27.1.1] AndroidManifest.xml:20:5-44
MERGED from [com.android.support:support-media-compat:27.1.1] AndroidManifest.xml:20:5-44
MERGED from [com.android.support:support-media-compat:27.1.1] AndroidManifest.xml:20:5-44
MERGED from [com.android.support:support-compat:27.1.1] AndroidManifest.xml:20:5-44
MERGED from [com.android.support:support-compat:27.1.1] AndroidManifest.xml:20:5-44
MERGED from [com.google.android.gms:play-services-base-license:11.8.0] AndroidManifest.xml:4:5-43
MERGED from [com.google.android.gms:play-services-base-license:11.8.0] AndroidManifest.xml:4:5-43
MERGED from [com.google.android.gms:play-services-basement-license:11.8.0] AndroidManifest.xml:4:5-43
MERGED from [com.google.android.gms:play-services-basement-license:11.8.0] AndroidManifest.xml:4:5-43
MERGED from [com.google.firebase:firebase-common-license:11.8.0] AndroidManifest.xml:4:5-43
MERGED from [com.google.firebase:firebase-common-license:11.8.0] AndroidManifest.xml:4:5-43
MERGED from [com.google.android.gms:play-services-tasks-license:11.8.0] AndroidManifest.xml:4:5-43
MERGED from [com.google.android.gms:play-services-tasks-license:11.8.0] AndroidManifest.xml:4:5-43